2026-04-04 10:28:15,925 [INFO] ============================================================
2026-04-04 10:28:15,925 [INFO] AI Magazine OS — Update started at 2026-04-04T02:28:15.925640+00:00
2026-04-04 10:28:15,925 [INFO] ============================================================
2026-04-04 10:28:15,925 [INFO] Scraping Hugging Face Papers...
2026-04-04 10:28:16,516 [INFO]   → Got 15 papers from API
2026-04-04 10:28:16,518 [INFO] Scraping Hugging Face Models...
2026-04-04 10:28:16,927 [ERROR] GET https://huggingface.co/api/models?sort=trending&direction=-1&limit=10 failed: 400 Client Error: Bad Request for url: https://huggingface.co/api/models?sort=trending&direction=-1&limit=10
2026-04-04 10:28:16,931 [INFO] Scraping Hugging Face Spaces...
2026-04-04 10:28:17,325 [ERROR] GET https://huggingface.co/api/spaces?sort=trending&direction=-1&limit=10 failed: 400 Client Error: Bad Request for url: https://huggingface.co/api/spaces?sort=trending&direction=-1&limit=10
2026-04-04 10:28:17,328 [INFO] Scraping GitHub Trending...
2026-04-04 10:28:18,402 [INFO]   → Got 7 repos
2026-04-04 10:28:18,403 [INFO] Scraping Papers with Code...
2026-04-04 10:28:19,999 [INFO]   → Got 0 papers
2026-04-04 10:28:20,000 [INFO] Scraping Reddit...
2026-04-04 10:28:24,707 [INFO]   → Got 21 reddit posts
2026-04-04 10:28:24,710 [INFO] Total unique items: 43
2026-04-04 10:28:24,717 [INFO] Written to /Users/huhu/ai-magazine-os/data.json (87,892 bytes)
2026-04-04 10:28:24,717 [INFO] Update complete!
2026-04-04 10:34:23,187 [INFO] ============================================================
2026-04-04 10:34:23,187 [INFO] AI Magazine OS — Update started at 2026-04-04T02:34:23.187293+00:00
2026-04-04 10:34:23,187 [INFO] ============================================================
2026-04-04 10:34:23,187 [INFO] Scraping Hugging Face Papers...
2026-04-04 10:34:23,706 [INFO]   → Got 15 papers from API
2026-04-04 10:34:23,708 [INFO] Scraping Hugging Face Models...
2026-04-04 10:34:24,107 [ERROR] GET https://huggingface.co/api/models?sort=trending&direction=-1&limit=10 failed: 400 Client Error: Bad Request for url: https://huggingface.co/api/models?sort=trending&direction=-1&limit=10
2026-04-04 10:34:24,110 [INFO] Scraping Hugging Face Spaces...
2026-04-04 10:34:24,521 [ERROR] GET https://huggingface.co/api/spaces?sort=trending&direction=-1&limit=10 failed: 400 Client Error: Bad Request for url: https://huggingface.co/api/spaces?sort=trending&direction=-1&limit=10
2026-04-04 10:34:24,524 [INFO] Scraping GitHub Trending...
2026-04-04 10:34:25,590 [INFO]   → Got 7 repos
2026-04-04 10:34:25,590 [INFO] Scraping Papers with Code...
2026-04-04 10:34:26,628 [INFO]   → Got 0 papers
2026-04-04 10:34:26,629 [INFO] Scraping Reddit...
2026-04-04 10:34:46,066 [ERROR] GET https://www.reddit.com/r/LocalLLaMA/hot.json?limit=8 failed: 429 Client Error: Too Many Requests for url: https://www.reddit.com/r/LocalLLaMA/hot.json?limit=8
2026-04-04 10:35:03,478 [ERROR] GET https://www.reddit.com/r/artificial/hot.json?limit=8 failed: 429 Client Error: Too Many Requests for url: https://www.reddit.com/r/artificial/hot.json?limit=8
2026-04-04 10:35:03,480 [INFO]   → Got 6 reddit posts
2026-04-04 10:35:03,481 [INFO] Total unique items: 28
2026-04-04 10:35:03,487 [INFO] Written to /Users/huhu/ai-magazine-os/data.json (68,728 bytes)
2026-04-04 10:35:03,487 [INFO] Update complete!
2026-04-04 10:35:31,875 [INFO] ============================================================
2026-04-04 10:35:31,876 [INFO] AI Magazine OS — Update started at 2026-04-04T02:35:31.875884+00:00
2026-04-04 10:35:31,876 [INFO] ============================================================
2026-04-04 10:35:31,876 [INFO] Scraping Hugging Face Papers...
2026-04-04 10:35:32,365 [INFO]   → Got 15 papers from API
2026-04-04 10:35:32,367 [INFO] Scraping Hugging Face Models...
2026-04-04 10:35:32,771 [ERROR] GET https://huggingface.co/api/models?sort=trending&direction=-1&limit=10 failed: 400 Client Error: Bad Request for url: https://huggingface.co/api/models?sort=trending&direction=-1&limit=10
2026-04-04 10:35:32,773 [INFO] Scraping Hugging Face Spaces...
2026-04-04 10:35:33,170 [ERROR] GET https://huggingface.co/api/spaces?sort=trending&direction=-1&limit=10 failed: 400 Client Error: Bad Request for url: https://huggingface.co/api/spaces?sort=trending&direction=-1&limit=10
2026-04-04 10:35:33,172 [INFO] Scraping GitHub Trending...
2026-04-04 10:35:34,242 [INFO]   → Got 7 repos
2026-04-04 10:35:34,243 [INFO] Scraping Papers with Code...
2026-04-04 10:35:35,313 [INFO]   → Got 0 papers
2026-04-04 10:35:35,314 [INFO] Scraping Reddit...
2026-04-04 10:35:56,962 [ERROR] GET https://www.reddit.com/r/artificial/hot.json?limit=8 failed: 429 Client Error: Too Many Requests for url: https://www.reddit.com/r/artificial/hot.json?limit=8
2026-04-04 10:35:56,965 [INFO]   → Got 13 reddit posts
2026-04-04 10:35:56,965 [INFO] Total unique items: 35
2026-04-04 10:35:56,971 [INFO] Written to /Users/huhu/ai-magazine-os/data.json (81,715 bytes)
2026-04-04 10:35:56,971 [INFO] Update complete!
